Build started 15-07-2015 11:57:20.
     1>Project "C:\Users\Saurabh\documents\visual studio 2013\Projects\summer project\2d_horror\2d_horror.vcxproj" on node 2 (Build target(s)).
     1>C:\Program Files (x86)\MSBuild\Microsoft.Cpp\v4.0\V120\Microsoft.CppBuild.targets(388,5): warning MSB8028: The intermediate directory (Debug\) contains files shared from another project (2d_horror.vcxproj).  This can lead to incorrect clean and rebuild behavior.
     1>ClCompile:
         C:\Program Files (x86)\Microsoft Visual Studio 12.0\VC\bin\CL.exe /c /I"C:\SFML-2.3\include\\" /ZI /nologo /W3 /WX- /sdl /Od /Oy- /D WIN32 /D _DEBUG /D _CONSOLE /D _LIB /D _UNICODE /D UNICODE /Gm /EHsc /RTC1 /MDd /GS /fp:precise /Zc:wchar_t /Zc:forScope /Fo"Debug\\" /Fd"Debug\vc120.pdb" /Gd /TP /analyze- /errorReport:prompt main.cpp
         main.cpp
     1>c:\users\saurabh\documents\visual studio 2013\projects\summer project\2d_horror\enemy_easy.h(4): warning C4067: unexpected tokens following preprocessor directive - expected a newline
     1>c:\users\saurabh\documents\visual studio 2013\projects\summer project\2d_horror\enemy_medium.h(4): warning C4067: unexpected tokens following preprocessor directive - expected a newline
     1>c:\users\saurabh\documents\visual studio 2013\projects\summer project\2d_horror\enemy_boss.h(4): warning C4067: unexpected tokens following preprocessor directive - expected a newline
       Link:
         C:\Program Files (x86)\Microsoft Visual Studio 12.0\VC\bin\link.exe /ERRORREPORT:PROMPT /OUT:"C:\Users\Saurabh\documents\visual studio 2013\Projects\summer project\Debug\Mansion Mystery.exe" /INCREMENTAL /NOLOGO /LIBPATH:"C:\SFML-2.3\lib\\" "sfml-system-d.lib" "sfml-window-d.lib" "sfml-graphics-d.lib" "sfml-audio-d.lib" kernel32.lib user32.lib gdi32.lib winspool.lib comdlg32.lib advapi32.lib shell32.lib ole32.lib oleaut32.lib uuid.lib odbc32.lib odbccp32.lib /MANIFEST /MANIFESTUAC:"level='asInvoker' uiAccess='false'" /manifest:embed /DEBUG /PDB:"C:\Users\Saurabh\documents\visual studio 2013\Projects\summer project\Debug\Mansion Mystery.pdb" /SUBSYSTEM:CONSOLE /TLBID:1 /DYNAMICBASE /NXCOMPAT /IMPLIB:"C:\Users\Saurabh\documents\visual studio 2013\Projects\summer project\Debug\Mansion Mystery.lib" /MACHINE:X86 Debug\character.obj
         Debug\collision.obj
         Debug\npc.obj
         Debug\speech.obj
         Debug\enemy_medium.obj
         Debug\game.obj
         Debug\level.obj
         Debug\enemy_easy.obj
         Debug\enemy_boss.obj
         Debug\light.obj
         Debug\main.obj
         Debug\main_menu.obj
         Debug\map_loader.obj
         Debug\map_parser.obj
         Debug\player.obj
         2d_horror.vcxproj -> C:\Users\Saurabh\documents\visual studio 2013\Projects\summer project\Debug\Mansion Mystery.exe
     1>Done Building Project "C:\Users\Saurabh\documents\visual studio 2013\Projects\summer project\2d_horror\2d_horror.vcxproj" (Build target(s)).

Build succeeded.

Time Elapsed 00:00:05.52
